<?xml version="1.0" encoding="UTF-8"?>
<robot generator="Robot 6.0.2 (Python 3.11.1 on win32)" generated="20230125 16:33:23.461" rpa="false" schemaversion="3">
<suite id="s1" name="Add Employee Test" source="C:\Users\40032486\PycharmProjects\orange_automation\2__employee_suite\01__add_employee_test.robot">
<test id="s1-t1" name="Add Valid Employee Test_TC2" line="12">
<kw name="Launch Browser And Navigate To Url" library="common_functionalities" type="SETUP">
<kw name="Open Browser" library="SeleniumLibrary">
<arg>browser=${BROWSER_NAME}</arg>
<doc>Opens a new browser instance to the optional ``url``.</doc>
<msg timestamp="20230125 16:33:24.830" level="INFO">Opening browser 'chrome' to base url 'None'.</msg>
<status status="PASS" starttime="20230125 16:33:24.830" endtime="20230125 16:33:26.792"/>
</kw>
<kw name="Maximize Browser Window" library="SeleniumLibrary">
<doc>Maximizes current browser window.</doc>
<status status="PASS" starttime="20230125 16:33:26.793" endtime="20230125 16:33:26.918"/>
</kw>
<kw name="Set Selenium Implicit Wait" library="SeleniumLibrary">
<arg>20s</arg>
<doc>Sets the implicit wait value used by Selenium.</doc>
<status status="PASS" starttime="20230125 16:33:26.918" endtime="20230125 16:33:26.924"/>
</kw>
<kw name="Go To" library="SeleniumLibrary">
<arg>url=${URL}</arg>
<doc>Navigates the current browser window to the provided ``url``.</doc>
<msg timestamp="20230125 16:33:26.924" level="INFO">Opening url 'https://opensource-demo.orangehrmlive.com/'</msg>
<status status="PASS" starttime="20230125 16:33:26.924" endtime="20230125 16:33:34.278"/>
</kw>
<status status="PASS" starttime="20230125 16:33:24.830" endtime="20230125 16:33:34.279"/>
</kw>
<kw name="Add Valid Employee Template">
<arg>admin</arg>
<arg>admin123</arg>
<arg>john</arg>
<arg>j</arg>
<arg>ken</arg>
<arg>john ken</arg>
<arg>john</arg>
<kw name="Input Text" library="SeleniumLibrary">
<arg>xpath=//input[@name='username']</arg>
<arg>${username}</arg>
<doc>Types the given ``text`` into the text field identified by ``locator``.</doc>
<msg timestamp="20230125 16:33:34.279" level="INFO">Typing text 'admin' into text field 'xpath=//input[@name='username']'.</msg>
<status status="PASS" starttime="20230125 16:33:34.279" endtime="20230125 16:33:35.658"/>
</kw>
<kw name="Input Text" library="SeleniumLibrary">
<arg>xpath=//input[@name='password']</arg>
<arg>${password}</arg>
<doc>Types the given ``text`` into the text field identified by ``locator``.</doc>
<msg timestamp="20230125 16:33:35.658" level="INFO">Typing text 'admin123' into text field 'xpath=//input[@name='password']'.</msg>
<status status="PASS" starttime="20230125 16:33:35.658" endtime="20230125 16:33:35.807"/>
</kw>
<kw name="Click Element" library="SeleniumLibrary">
<arg>xpath=//button[@type='submit']</arg>
<doc>Click the element identified by ``locator``.</doc>
<msg timestamp="20230125 16:33:35.807" level="INFO">Clicking element 'xpath=//button[@type='submit']'.</msg>
<status status="PASS" starttime="20230125 16:33:35.807" endtime="20230125 16:33:37.296"/>
</kw>
<kw name="Click Element" library="SeleniumLibrary">
<arg>xpath=//a[@href='/web/index.php/pim/viewPimModule']</arg>
<doc>Click the element identified by ``locator``.</doc>
<msg timestamp="20230125 16:33:37.297" level="INFO">Clicking element 'xpath=//a[@href='/web/index.php/pim/viewPimModule']'.</msg>
<status status="PASS" starttime="20230125 16:33:37.297" endtime="20230125 16:33:39.692"/>
</kw>
<kw name="Click Element" library="SeleniumLibrary">
<arg>link=Add Employee</arg>
<doc>Click the element identified by ``locator``.</doc>
<msg timestamp="20230125 16:33:39.692" level="INFO">Clicking element 'link=Add Employee'.</msg>
<status status="PASS" starttime="20230125 16:33:39.692" endtime="20230125 16:33:41.426"/>
</kw>
<kw name="Input Text" library="SeleniumLibrary">
<arg>name=firstName</arg>
<arg>${firstName}</arg>
<doc>Types the given ``text`` into the text field identified by ``locator``.</doc>
<msg timestamp="20230125 16:33:41.426" level="INFO">Typing text 'john' into text field 'name=firstName'.</msg>
<status status="PASS" starttime="20230125 16:33:41.426" endtime="20230125 16:33:42.391"/>
</kw>
<kw name="Input Text" library="SeleniumLibrary">
<arg>name=middleName</arg>
<arg>${middleName}</arg>
<doc>Types the given ``text`` into the text field identified by ``locator``.</doc>
<msg timestamp="20230125 16:33:42.391" level="INFO">Typing text 'j' into text field 'name=middleName'.</msg>
<status status="PASS" starttime="20230125 16:33:42.391" endtime="20230125 16:33:42.533"/>
</kw>
<kw name="Input Text" library="SeleniumLibrary">
<arg>name=lastName</arg>
<arg>${lastName}</arg>
<doc>Types the given ``text`` into the text field identified by ``locator``.</doc>
<msg timestamp="20230125 16:33:42.533" level="INFO">Typing text 'ken' into text field 'name=lastName'.</msg>
<status status="PASS" starttime="20230125 16:33:42.533" endtime="20230125 16:33:42.672"/>
</kw>
<kw name="Sleep" library="BuiltIn">
<arg>5s</arg>
<doc>Pauses the test executed for the given time.</doc>
<msg timestamp="20230125 16:33:47.672" level="INFO">Slept 5 seconds</msg>
<status status="PASS" starttime="20230125 16:33:42.672" endtime="20230125 16:33:47.673"/>
</kw>
<kw name="Click Element" library="SeleniumLibrary">
<arg>xpath=//button[normalize-space()='Save']</arg>
<doc>Click the element identified by ``locator``.</doc>
<msg timestamp="20230125 16:33:47.673" level="INFO">Clicking element 'xpath=//button[normalize-space()='Save']'.</msg>
<status status="PASS" starttime="20230125 16:33:47.673" endtime="20230125 16:33:47.807"/>
</kw>
<kw name="Wait Until Page Contains Element" library="SeleniumLibrary">
<arg>xpath=//h6[normalize-space()='${expected_1}']</arg>
<arg>30s</arg>
<doc>Waits until the element ``locator`` appears on the current page.</doc>
<status status="PASS" starttime="20230125 16:33:47.807" endtime="20230125 16:33:53.334"/>
</kw>
<kw name="Element Should Contain" library="SeleniumLibrary">
<arg>xpath=//h6[normalize-space()='${expected_1}']</arg>
<arg>${expected_1}</arg>
<doc>Verifies that element ``locator`` contains text ``expected``.</doc>
<msg timestamp="20230125 16:33:53.372" level="INFO">Element 'xpath=//h6[normalize-space()='john ken']' contains text 'john ken'.</msg>
<status status="PASS" starttime="20230125 16:33:53.334" endtime="20230125 16:33:53.372"/>
</kw>
<kw name="Element Attribute Value Should Be" library="SeleniumLibrary">
<arg>name=firstName</arg>
<arg>value</arg>
<arg>${expected_2}</arg>
<doc>Verifies element identified by ``locator`` contains expected attribute value.</doc>
<msg timestamp="20230125 16:33:53.407" level="INFO">Element 'name=firstName' attribute 'value' contains value 'john'.</msg>
<status status="PASS" starttime="20230125 16:33:53.372" endtime="20230125 16:33:53.407"/>
</kw>
<status status="PASS" starttime="20230125 16:33:34.279" endtime="20230125 16:33:53.407"/>
</kw>
<kw name="Close Browser" library="SeleniumLibrary" type="TEARDOWN">
<doc>Closes the current browser.</doc>
<status status="PASS" starttime="20230125 16:33:53.407" endtime="20230125 16:33:55.670"/>
</kw>
<status status="PASS" starttime="20230125 16:33:24.830" endtime="20230125 16:33:55.670"/>
</test>
<doc>This file contains testcases of add valid employee</doc>
<status status="PASS" starttime="20230125 16:33:23.467" endtime="20230125 16:33:55.670"/>
</suite>
<statistics>
<total>
<stat pass="1" fail="0" skip="0">All Tests</stat>
</total>
<tag>
</tag>
<suite>
<stat pass="1" fail="0" skip="0" id="s1" name="Add Employee Test">Add Employee Test</stat>
</suite>
</statistics>
<errors>
</errors>
</robot>
